Flutter crash report; please file at https://github.com/flutter/flutter/issues.

## command

flutter build apk

## exception

ProcessException: ProcessException: Permission denied
  Command: /home/vtg/Desktop/flutter/.pub-cache/hosted/pub.dartlang.org/assets_audio_player-1.2.3/android/gradlew -I=/home/vtg/Desktop/flutter/packages/flutter_tools/gradle/aar_init_script.gradle -Pflutter-root=/home/vtg/Desktop/flutter -Poutput-dir=/home/vtg/Desktop/Projects/morse_it/build/app -Pis-plugin=true -Ptarget-platform=android-arm,android-arm64,android-x64 assembleAarRelease

```
#0      _DefaultProcessUtils.run (package:flutter_tools/src/base/process.dart:266:37)
<asynchronous suspension>
#1      buildGradleAar (package:flutter_tools/src/android/gradle.dart:548:33)
#2      buildPluginsAsAar (package:flutter_tools/src/android/gradle.dart:711:13)
#3      buildGradleApp (package:flutter_tools/src/android/gradle.dart:257:11)
#4      _AsyncAwaitCompleter.start (dart:async-patch/async_patch.dart:45:6)
#5      buildGradleApp (package:flutter_tools/src/android/gradle.dart:218:28)
#6      buildGradleApp (package:flutter_tools/src/android/gradle.dart:415:19)
#7      _asyncThenWrapperHelper.<anonymous closure> (dart:async-patch/async_patch.dart:73:64)
#8      _rootRunUnary (dart:async/zone.dart:1134:38)
#9      _CustomZone.runUnary (dart:async/zone.dart:1031:19)
#10     _FutureListener.handleValue (dart:async/future_impl.dart:139:18)
#11     Future._propagateToListeners.handleValueCallback (dart:async/future_impl.dart:680:45)
#12     Future._propagateToListeners (dart:async/future_impl.dart:709:32)
#13     Future._completeWithValue (dart:async/future_impl.dart:524:5)
#14     Future._asyncComplete.<anonymous closure> (dart:async/future_impl.dart:554:7)
#15     _rootRun (dart:async/zone.dart:1126:13)
#16     _CustomZone.run (dart:async/zone.dart:1023:19)
#17     _CustomZone.runGuarded (dart:async/zone.dart:925:7)
#18     _CustomZone.bindCallbackGuarded.<anonymous closure> (dart:async/zone.dart:965:23)
#19     _microtaskLoop (dart:async/schedule_microtask.dart:43:21)
#20     _startMicrotaskLoop (dart:async/schedule_microtask.dart:52:5)
#21     _runPendingImmediateCallback (dart:isolate-patch/isolate_patch.dart:118:13)
#22     _RawReceivePortImpl._handleMessage (dart:isolate-patch/isolate_patch.dart:175:5)
```

## flutter doctor

```
[32m[✓][39m Flutter (Channel stable, v1.12.13+hotfix.8, on Linux, locale en_US.UTF-8)
    [32m•[39m Flutter version 1.12.13+hotfix.8 at /home/vtg/Desktop/flutter
    [32m•[39m Framework revision 0b8abb4724 (6 weeks ago), 2020-02-11 11:44:36 -0800
    [32m•[39m Engine revision e1e6ced81d
    [32m•[39m Dart version 2.7.0

[33m[!][39m Android toolchain - develop for Android devices (Android SDK version 29.0.2)
    [32m•[39m Android SDK at /home/vtg/Android/Sdk
    [32m•[39m Android NDK location not configured (optional; useful for native profiling support)
    [32m•[39m Platform android-29, build-tools 29.0.2
    [32m•[39m Java binary at: /home/vtg/Desktop/android-studio/jre/bin/java
    [32m•[39m Java version OpenJDK Runtime Environment (build 1.8.0_202-release-1483-b49-5587405)
    [33m![39m Some Android licenses not accepted.  To resolve this, run: flutter doctor --android-licenses

[33m[!][39m Android Studio (version 3.5)
    [32m•[39m Android Studio at /home/vtg/Desktop/android-studio
    [31m✗[39m Flutter plugin not installed; this adds Flutter specific functionality.
    [31m✗[39m Dart plugin not installed; this adds Dart specific functionality.
    [32m•[39m Java version OpenJDK Runtime Environment (build 1.8.0_202-release-1483-b49-5587405)

[32m[✓][39m VS Code (version 1.30.1)
    [32m•[39m VS Code at /usr/share/code
    [32m•[39m Flutter extension version 2.25.1

[32m[✓][39m Connected device (1 available)
    [32m•[39m Redmi K20 Pro • b696599f • android-arm64 • Android 9 (API 28)

[33m![39m Doctor found issues in 2 categories.
```
